1653467131956	geckodriver	INFO	Listening on 127.0.0.1:54243
1653467131963	mozrunner::runner	INFO	Running command: "/usr/bin/firefox" "--marionette" "--remote-debugging-port" "46507" "--remote-allow-hosts" "localhost" "-no-remote" "-profile" "/tmp/rust_mozprofileH7p7tV"
ATTENTION: default value of option mesa_glthread overridden by environment.
ATTENTION: default value of option mesa_glthread overridden by environment.
ATTENTION: default value of option mesa_glthread overridden by environment.
ATTENTION: default value of option mesa_glthread overridden by environment.
1653467133294	Marionette	INFO	Marionette enabled
console.warn: SearchSettings: "get: No settings file exists, new profile?" (new NotFoundError("Could not open the file at /tmp/rust_mozprofileH7p7tV/search.json.mozlz4", (void 0)))
DevTools listening on ws://localhost:46507/devtools/browser/3da91177-3af0-4828-9d4a-70dd0b757f08
1653467135253	Marionette	INFO	Listening on port 40459
Read port: 40459
1653467135300	RemoteAgent	WARN	TLS certificate errors will be ignored for this session
JavaScript error: https://inventwithpython.com/js/bootstrap.min.js, line 7: Error: Bootstrap tooltips require Tether (http://tether.io/)
1653467141676	Marionette	INFO	Stopped listening on port 40459
console.warn: TopSitesFeed: Failed to fetch data from Contile server: NetworkError when attempting to fetch resource.
1653470706510	geckodriver	INFO	Listening on 127.0.0.1:55077
1653470707021	mozrunner::runner	INFO	Running command: "/usr/bin/firefox" "--marionette" "--remote-debugging-port" "55543" "--remote-allow-hosts" "localhost" "-no-remote" "-profile" "/tmp/rust_mozprofilefJ5W58"
ATTENTION: default value of option mesa_glthread overridden by environment.
ATTENTION: default value of option mesa_glthread overridden by environment.
ATTENTION: default value of option mesa_glthread overridden by environment.
ATTENTION: default value of option mesa_glthread overridden by environment.
1653470708583	Marionette	INFO	Marionette enabled
console.warn: SearchSettings: "get: No settings file exists, new profile?" (new NotFoundError("Could not open the file at /tmp/rust_mozprofilefJ5W58/search.json.mozlz4", (void 0)))
DevTools listening on ws://localhost:55543/devtools/browser/cbd4165f-de6b-4cb7-b598-1c7db622eb09
1653470710848	Marionette	INFO	Listening on port 46529
Read port: 46529
1653470710977	RemoteAgent	WARN	TLS certificate errors will be ignored for this session
JavaScript error: https://inventwithpython.com/js/bootstrap.min.js, line 7: Error: Bootstrap tooltips require Tether (http://tether.io/)
1653470722863	Marionette	INFO	Stopped listening on port 46529
console.warn: TopSitesFeed: Failed to fetch data from Contile server: NetworkError when attempting to fetch resource.
1653470949029	geckodriver	INFO	Listening on 127.0.0.1:34923
1653470949035	mozrunner::runner	INFO	Running command: "/usr/bin/firefox" "--marionette" "--remote-debugging-port" "54787" "--remote-allow-hosts" "localhost" "-no-remote" "-profile" "/tmp/rust_mozprofileWJLyTB"
ATTENTION: default value of option mesa_glthread overridden by environment.
ATTENTION: default value of option mesa_glthread overridden by environment.
ATTENTION: default value of option mesa_glthread overridden by environment.
ATTENTION: default value of option mesa_glthread overridden by environment.
1653470950108	Marionette	INFO	Marionette enabled
console.warn: SearchSettings: "get: No settings file exists, new profile?" (new NotFoundError("Could not open the file at /tmp/rust_mozprofileWJLyTB/search.json.mozlz4", (void 0)))
DevTools listening on ws://localhost:54787/devtools/browser/f15efafb-f3fe-4f75-801b-2dd451946912
1653470951754	Marionette	INFO	Listening on port 41613
Read port: 41613
1653470951879	RemoteAgent	WARN	TLS certificate errors will be ignored for this session
JavaScript error: https://inventwithpython.com/js/bootstrap.min.js, line 7: Error: Bootstrap tooltips require Tether (http://tether.io/)
1653478776396	geckodriver	INFO	Listening on 127.0.0.1:44675
1653478776909	mozrunner::runner	INFO	Running command: "/usr/bin/firefox" "--marionette" "--remote-debugging-port" "39077" "--remote-allow-hosts" "localhost" "-no-remote" "-profile" "/tmp/rust_mozprofile4uXxfi"
ATTENTION: default value of option mesa_glthread overridden by environment.
ATTENTION: default value of option mesa_glthread overridden by environment.
ATTENTION: default value of option mesa_glthread overridden by environment.
ATTENTION: default value of option mesa_glthread overridden by environment.
1653478778526	Marionette	INFO	Marionette enabled
console.warn: SearchSettings: "get: No settings file exists, new profile?" (new NotFoundError("Could not open the file at /tmp/rust_mozprofile4uXxfi/search.json.mozlz4", (void 0)))
DevTools listening on ws://localhost:39077/devtools/browser/6f8435f5-8136-4631-b27b-19389288a2a8
1653478781848	Marionette	INFO	Listening on port 40289
Read port: 40289
1653478781957	RemoteAgent	WARN	TLS certificate errors will be ignored for this session
JavaScript error: https://inventwithpython.com/js/bootstrap.min.js, line 7: Error: Bootstrap tooltips require Tether (http://tether.io/)
1653478856299	geckodriver	INFO	Listening on 127.0.0.1:46681
1653478856304	mozrunner::runner	INFO	Running command: "/usr/bin/firefox" "--marionette" "--remote-debugging-port" "55405" "--remote-allow-hosts" "localhost" "-no-remote" "-profile" "/tmp/rust_mozprofileWTaWcp"
ATTENTION: default value of option mesa_glthread overridden by environment.
ATTENTION: default value of option mesa_glthread overridden by environment.
ATTENTION: default value of option mesa_glthread overridden by environment.
ATTENTION: default value of option mesa_glthread overridden by environment.
1653478857438	Marionette	INFO	Marionette enabled
console.warn: SearchSettings: "get: No settings file exists, new profile?" (new NotFoundError("Could not open the file at /tmp/rust_mozprofileWTaWcp/search.json.mozlz4", (void 0)))
DevTools listening on ws://localhost:55405/devtools/browser/263f3933-d88d-498f-a477-09ddd88ee3a6
1653478859447	Marionette	INFO	Listening on port 38257
Read port: 38257
1653478859530	RemoteAgent	WARN	TLS certificate errors will be ignored for this session
1653478860101	Marionette	INFO	Stopped listening on port 38257
console.warn: TopSitesFeed: Failed to fetch data from Contile server: NetworkError when attempting to fetch resource.
JavaScript error: resource://gre/modules/TerminatorTelemetry.jsm, line 71: AbortError: IOUtils: Shutting down and refusing additional I/O tasks
1653480113949	Marionette	INFO	Stopped listening on port 40289
1653480114041	Marionette	INFO	Stopped listening on port 41613
console.warn: TopSitesFeed: Failed to fetch data from Contile server: NetworkError when attempting to fetch resource.
console.warn: TopSitesFeed: Failed to fetch data from Contile server: NetworkError when attempting to fetch resource.

###!!! [Parent][PImageBridgeParent] Error: RunMessage(msgname=PImageBridge::Msg_WillClose) Channel closing: too late to send/recv, messages will be lost


###!!! [Parent][PImageBridgeParent] Error: RunMessage(msgname=PImageBridge::Msg_WillClose) Channel closing: too late to send/recv, messages will be lost

1653546615609	geckodriver	INFO	Listening on 127.0.0.1:38083
1653546616106	mozrunner::runner	INFO	Running command: "/usr/bin/firefox" "--marionette" "--remote-debugging-port" "58669" "--remote-allow-hosts" "localhost" "-no-remote" "-profile" "/tmp/rust_mozprofileyq4xTo"
ATTENTION: default value of option mesa_glthread overridden by environment.
ATTENTION: default value of option mesa_glthread overridden by environment.
ATTENTION: default value of option mesa_glthread overridden by environment.
ATTENTION: default value of option mesa_glthread overridden by environment.
1653546617146	Marionette	INFO	Marionette enabled
console.warn: SearchSettings: "get: No settings file exists, new profile?" (new NotFoundError("Could not open the file at /tmp/rust_mozprofileyq4xTo/search.json.mozlz4", (void 0)))
DevTools listening on ws://localhost:58669/devtools/browser/4464fbf2-116d-425f-908b-654a9a9da72b
1653546619094	Marionette	INFO	Listening on port 41811
Read port: 41811
1653546619136	RemoteAgent	WARN	TLS certificate errors will be ignored for this session
JavaScript error: https://inventwithpython.com/js/bootstrap.min.js, line 7: Error: Bootstrap tooltips require Tether (http://tether.io/)
1653546625923	Marionette	INFO	Stopped listening on port 41811
console.warn: TopSitesFeed: Failed to fetch data from Contile server: NetworkError when attempting to fetch resource.

###!!! [Parent][PImageBridgeParent] Error: RunMessage(msgname=PImageBridge::Msg_WillClose) Channel closing: too late to send/recv, messages will be lost

1653548144561	geckodriver	INFO	Listening on 127.0.0.1:44667
1653548144571	mozrunner::runner	INFO	Running command: "/usr/bin/firefox" "--marionette" "--remote-debugging-port" "46397" "--remote-allow-hosts" "localhost" "-no-remote" "-profile" "/tmp/rust_mozprofileC9eMml"
ATTENTION: default value of option mesa_glthread overridden by environment.
ATTENTION: default value of option mesa_glthread overridden by environment.
ATTENTION: default value of option mesa_glthread overridden by environment.
ATTENTION: default value of option mesa_glthread overridden by environment.
1653548145770	Marionette	INFO	Marionette enabled
console.warn: SearchSettings: "get: No settings file exists, new profile?" (new NotFoundError("Could not open the file at /tmp/rust_mozprofileC9eMml/search.json.mozlz4", (void 0)))
DevTools listening on ws://localhost:46397/devtools/browser/2e10f680-2fc3-4fe6-9242-17ed6917f0ad
1653548147809	Marionette	INFO	Listening on port 41379
Read port: 41379
1653548147892	RemoteAgent	WARN	TLS certificate errors will be ignored for this session
JavaScript error: https://inventwithpython.com/js/bootstrap.min.js, line 7: Error: Bootstrap tooltips require Tether (http://tether.io/)
1653548157078	Marionette	INFO	Stopped listening on port 41379
console.warn: TopSitesFeed: Failed to fetch data from Contile server: NetworkError when attempting to fetch resource.

###!!! [Parent][PImageBridgeParent] Error: RunMessage(msgname=PImageBridge::Msg_WillClose) Channel closing: too late to send/recv, messages will be lost

1653548177122	geckodriver	INFO	Listening on 127.0.0.1:49045
1653548177129	mozrunner::runner	INFO	Running command: "/usr/bin/firefox" "--marionette" "--remote-debugging-port" "55677" "--remote-allow-hosts" "localhost" "-no-remote" "-profile" "/tmp/rust_mozprofileeou0bL"
ATTENTION: default value of option mesa_glthread overridden by environment.
ATTENTION: default value of option mesa_glthread overridden by environment.
ATTENTION: default value of option mesa_glthread overridden by environment.
ATTENTION: default value of option mesa_glthread overridden by environment.
1653548178357	Marionette	INFO	Marionette enabled
console.warn: SearchSettings: "get: No settings file exists, new profile?" (new NotFoundError("Could not open the file at /tmp/rust_mozprofileeou0bL/search.json.mozlz4", (void 0)))
DevTools listening on ws://localhost:55677/devtools/browser/95673688-8069-4ef3-92c3-490e3cccda15
1653548180290	Marionette	INFO	Listening on port 41309
Read port: 41309
1653548180350	RemoteAgent	WARN	TLS certificate errors will be ignored for this session
JavaScript error: https://inventwithpython.com/js/bootstrap.min.js, line 7: Error: Bootstrap tooltips require Tether (http://tether.io/)
1653548190029	Marionette	INFO	Stopped listening on port 41309
console.warn: TopSitesFeed: Failed to fetch data from Contile server: NetworkError when attempting to fetch resource.
1653548431277	geckodriver	INFO	Listening on 127.0.0.1:44491
1653548431283	mozrunner::runner	INFO	Running command: "/usr/bin/firefox" "--marionette" "--remote-debugging-port" "39045" "--remote-allow-hosts" "localhost" "-no-remote" "-profile" "/tmp/rust_mozprofileOgQM71"
ATTENTION: default value of option mesa_glthread overridden by environment.
ATTENTION: default value of option mesa_glthread overridden by environment.
ATTENTION: default value of option mesa_glthread overridden by environment.
ATTENTION: default value of option mesa_glthread overridden by environment.
1653548432343	Marionette	INFO	Marionette enabled
console.warn: SearchSettings: "get: No settings file exists, new profile?" (new NotFoundError("Could not open the file at /tmp/rust_mozprofileOgQM71/search.json.mozlz4", (void 0)))
DevTools listening on ws://localhost:39045/devtools/browser/a9e004b7-f218-4fdf-b298-cbcd95af3b5b
1653548434209	Marionette	INFO	Listening on port 41849
Read port: 41849
1653548434314	RemoteAgent	WARN	TLS certificate errors will be ignored for this session
JavaScript error: https://inventwithpython.com/js/bootstrap.min.js, line 7: Error: Bootstrap tooltips require Tether (http://tether.io/)
1653548442117	Marionette	INFO	Stopped listening on port 41849
console.warn: TopSitesFeed: Failed to fetch data from Contile server: NetworkError when attempting to fetch resource.
1653548593809	geckodriver	INFO	Listening on 127.0.0.1:58379
1653548593815	mozrunner::runner	INFO	Running command: "/usr/bin/firefox" "--marionette" "--remote-debugging-port" "59543" "--remote-allow-hosts" "localhost" "-no-remote" "-profile" "/tmp/rust_mozprofilePD5UAF"
ATTENTION: default value of option mesa_glthread overridden by environment.
ATTENTION: default value of option mesa_glthread overridden by environment.
ATTENTION: default value of option mesa_glthread overridden by environment.
ATTENTION: default value of option mesa_glthread overridden by environment.
1653548594871	Marionette	INFO	Marionette enabled
console.warn: SearchSettings: "get: No settings file exists, new profile?" (new NotFoundError("Could not open the file at /tmp/rust_mozprofilePD5UAF/search.json.mozlz4", (void 0)))
DevTools listening on ws://localhost:59543/devtools/browser/933977e9-3cb2-43e2-b48d-f908a3d0c2d3
1653548596756	Marionette	INFO	Listening on port 36771
Read port: 36771
1653548596851	RemoteAgent	WARN	TLS certificate errors will be ignored for this session
JavaScript error: https://inventwithpython.com/js/bootstrap.min.js, line 7: Error: Bootstrap tooltips require Tether (http://tether.io/)
JavaScript error: https://inventwithpython.com/js/bootstrap.min.js, line 7: Error: Bootstrap tooltips require Tether (http://tether.io/)
1653548635535	Marionette	INFO	Stopped listening on port 36771
console.warn: TopSitesFeed: Failed to fetch data from Contile server: NetworkError when attempting to fetch resource.

###!!! [Parent][PImageBridgeParent] Error: RunMessage(msgname=PImageBridge::Msg_WillClose) Channel closing: too late to send/recv, messages will be lost

1653548794477	geckodriver	INFO	Listening on 127.0.0.1:52045
1653548794483	mozrunner::runner	INFO	Running command: "/usr/bin/firefox" "--marionette" "--remote-debugging-port" "52179" "--remote-allow-hosts" "localhost" "-no-remote" "-profile" "/tmp/rust_mozprofile9yyFUv"
ATTENTION: default value of option mesa_glthread overridden by environment.
ATTENTION: default value of option mesa_glthread overridden by environment.
ATTENTION: default value of option mesa_glthread overridden by environment.
ATTENTION: default value of option mesa_glthread overridden by environment.
1653548795622	Marionette	INFO	Marionette enabled
console.warn: SearchSettings: "get: No settings file exists, new profile?" (new NotFoundError("Could not open the file at /tmp/rust_mozprofile9yyFUv/search.json.mozlz4", (void 0)))
DevTools listening on ws://localhost:52179/devtools/browser/38f07365-06f2-4afd-ba16-b09adf3fbdb2
1653548797448	Marionette	INFO	Listening on port 44999
Read port: 44999
1653548797503	RemoteAgent	WARN	TLS certificate errors will be ignored for this session
JavaScript error: https://inventwithpython.com/js/bootstrap.min.js, line 7: Error: Bootstrap tooltips require Tether (http://tether.io/)
1653548804482	Marionette	INFO	Stopped listening on port 44999
console.warn: TopSitesFeed: Failed to fetch data from Contile server: NetworkError when attempting to fetch resource.

###!!! [Parent][PImageBridgeParent] Error: RunMessage(msgname=PImageBridge::Msg_WillClose) Channel closing: too late to send/recv, messages will be lost

1653548844633	geckodriver	INFO	Listening on 127.0.0.1:39573
1653548844639	mozrunner::runner	INFO	Running command: "/usr/bin/firefox" "--marionette" "--remote-debugging-port" "47531" "--remote-allow-hosts" "localhost" "-no-remote" "-profile" "/tmp/rust_mozprofilers7Fb8"
ATTENTION: default value of option mesa_glthread overridden by environment.
ATTENTION: default value of option mesa_glthread overridden by environment.
ATTENTION: default value of option mesa_glthread overridden by environment.
ATTENTION: default value of option mesa_glthread overridden by environment.
1653548845689	Marionette	INFO	Marionette enabled
console.warn: SearchSettings: "get: No settings file exists, new profile?" (new NotFoundError("Could not open the file at /tmp/rust_mozprofilers7Fb8/search.json.mozlz4", (void 0)))
DevTools listening on ws://localhost:47531/devtools/browser/d884465d-4051-427f-942e-2cb5e8b770af
1653548847658	Marionette	INFO	Listening on port 42905
Read port: 42905
1653548847687	RemoteAgent	WARN	TLS certificate errors will be ignored for this session
JavaScript error: https://inventwithpython.com/js/bootstrap.min.js, line 7: Error: Bootstrap tooltips require Tether (http://tether.io/)
1653548854114	Marionette	INFO	Stopped listening on port 42905
console.warn: TopSitesFeed: Failed to fetch data from Contile server: NetworkError when attempting to fetch resource.
1653549860541	geckodriver	INFO	Listening on 127.0.0.1:52797
1653549860547	mozrunner::runner	INFO	Running command: "/usr/bin/firefox" "--marionette" "--remote-debugging-port" "39529" "--remote-allow-hosts" "localhost" "-no-remote" "-profile" "/tmp/rust_mozprofilexdpTWl"
ATTENTION: default value of option mesa_glthread overridden by environment.
ATTENTION: default value of option mesa_glthread overridden by environment.
ATTENTION: default value of option mesa_glthread overridden by environment.
ATTENTION: default value of option mesa_glthread overridden by environment.
1653549861683	Marionette	INFO	Marionette enabled
console.warn: SearchSettings: "get: No settings file exists, new profile?" (new NotFoundError("Could not open the file at /tmp/rust_mozprofilexdpTWl/search.json.mozlz4", (void 0)))
DevTools listening on ws://localhost:39529/devtools/browser/1ac528ec-3e82-4327-828a-dc79591a5543
1653549863455	Marionette	INFO	Listening on port 33891
Read port: 33891
1653549863568	RemoteAgent	WARN	TLS certificate errors will be ignored for this session
JavaScript error: https://inventwithpython.com/js/bootstrap.min.js, line 7: Error: Bootstrap tooltips require Tether (http://tether.io/)
1653549869542	Marionette	INFO	Stopped listening on port 33891
console.warn: TopSitesFeed: Failed to fetch data from Contile server: NetworkError when attempting to fetch resource.
1653550994411	geckodriver	INFO	Listening on 127.0.0.1:50057
1653550994417	mozrunner::runner	INFO	Running command: "/usr/bin/firefox" "--marionette" "--remote-debugging-port" "49673" "--remote-allow-hosts" "localhost" "-no-remote" "-profile" "/tmp/rust_mozprofileKSsp0V"
ATTENTION: default value of option mesa_glthread overridden by environment.
ATTENTION: default value of option mesa_glthread overridden by environment.
ATTENTION: default value of option mesa_glthread overridden by environment.
ATTENTION: default value of option mesa_glthread overridden by environment.
1653550995615	Marionette	INFO	Marionette enabled
console.warn: SearchSettings: "get: No settings file exists, new profile?" (new NotFoundError("Could not open the file at /tmp/rust_mozprofileKSsp0V/search.json.mozlz4", (void 0)))
DevTools listening on ws://localhost:49673/devtools/browser/a04c5265-5a9e-4483-9be7-a93dead0b636
1653550997505	Marionette	INFO	Listening on port 36173
Read port: 36173
1653550997548	RemoteAgent	WARN	TLS certificate errors will be ignored for this session
JavaScript error: https://inventwithpython.com/js/bootstrap.min.js, line 7: Error: Bootstrap tooltips require Tether (http://tether.io/)
1653551002872	Marionette	INFO	Stopped listening on port 36173
console.warn: TopSitesFeed: Failed to fetch data from Contile server: NetworkError when attempting to fetch resource.
1653551018672	geckodriver	INFO	Listening on 127.0.0.1:43549
1653551018679	mozrunner::runner	INFO	Running command: "/usr/bin/firefox" "--marionette" "--remote-debugging-port" "45305" "--remote-allow-hosts" "localhost" "-no-remote" "-profile" "/tmp/rust_mozprofile6ZoTrd"
ATTENTION: default value of option mesa_glthread overridden by environment.
ATTENTION: default value of option mesa_glthread overridden by environment.
ATTENTION: default value of option mesa_glthread overridden by environment.
ATTENTION: default value of option mesa_glthread overridden by environment.
1653551019786	Marionette	INFO	Marionette enabled
console.warn: SearchSettings: "get: No settings file exists, new profile?" (new NotFoundError("Could not open the file at /tmp/rust_mozprofile6ZoTrd/search.json.mozlz4", (void 0)))
DevTools listening on ws://localhost:45305/devtools/browser/ce2995bb-bd08-4f63-a58d-d852eb11c6e3
1653551021567	Marionette	INFO	Listening on port 45283
Read port: 45283
1653551021606	RemoteAgent	WARN	TLS certificate errors will be ignored for this session
JavaScript error: https://inventwithpython.com/js/bootstrap.min.js, line 7: Error: Bootstrap tooltips require Tether (http://tether.io/)
1653551028250	Marionette	INFO	Stopped listening on port 45283
console.warn: TopSitesFeed: Failed to fetch data from Contile server: NetworkError when attempting to fetch resource.

###!!! [Parent][PImageBridgeParent] Error: RunMessage(msgname=PImageBridge::Msg_WillClose) Channel closing: too late to send/recv, messages will be lost

1653551198407	geckodriver	INFO	Listening on 127.0.0.1:44277
1653551198412	mozrunner::runner	INFO	Running command: "/usr/bin/firefox" "--marionette" "--remote-debugging-port" "55901" "--remote-allow-hosts" "localhost" "-no-remote" "-profile" "/tmp/rust_mozprofileBZGR4t"
ATTENTION: default value of option mesa_glthread overridden by environment.
ATTENTION: default value of option mesa_glthread overridden by environment.
ATTENTION: default value of option mesa_glthread overridden by environment.
ATTENTION: default value of option mesa_glthread overridden by environment.
1653551199465	Marionette	INFO	Marionette enabled
console.warn: SearchSettings: "get: No settings file exists, new profile?" (new NotFoundError("Could not open the file at /tmp/rust_mozprofileBZGR4t/search.json.mozlz4", (void 0)))
DevTools listening on ws://localhost:55901/devtools/browser/612a76d7-ade7-4e38-b48a-0487052cd952
1653551201265	Marionette	INFO	Listening on port 39701
Read port: 39701
1653551201333	RemoteAgent	WARN	TLS certificate errors will be ignored for this session
JavaScript error: https://inventwithpython.com/js/bootstrap.min.js, line 7: Error: Bootstrap tooltips require Tether (http://tether.io/)
1653551206759	Marionette	INFO	Stopped listening on port 39701
console.warn: TopSitesFeed: Failed to fetch data from Contile server: NetworkError when attempting to fetch resource.
1653551228106	geckodriver	INFO	Listening on 127.0.0.1:54885
1653551228112	mozrunner::runner	INFO	Running command: "/usr/bin/firefox" "--marionette" "--remote-debugging-port" "44415" "--remote-allow-hosts" "localhost" "-no-remote" "-profile" "/tmp/rust_mozprofile4EDjLF"
ATTENTION: default value of option mesa_glthread overridden by environment.
ATTENTION: default value of option mesa_glthread overridden by environment.
ATTENTION: default value of option mesa_glthread overridden by environment.
ATTENTION: default value of option mesa_glthread overridden by environment.
1653551229211	Marionette	INFO	Marionette enabled
console.warn: SearchSettings: "get: No settings file exists, new profile?" (new NotFoundError("Could not open the file at /tmp/rust_mozprofile4EDjLF/search.json.mozlz4", (void 0)))
DevTools listening on ws://localhost:44415/devtools/browser/6f21ef7b-5d43-43fd-92a2-b738db653b8e
1653551230943	Marionette	INFO	Listening on port 39661
Read port: 39661
1653551231034	RemoteAgent	WARN	TLS certificate errors will be ignored for this session
JavaScript error: https://inventwithpython.com/js/bootstrap.min.js, line 7: Error: Bootstrap tooltips require Tether (http://tether.io/)
1653551234696	Marionette	INFO	Stopped listening on port 39661
console.warn: TopSitesFeed: Failed to fetch data from Contile server: NetworkError when attempting to fetch resource.
1653551270265	geckodriver	INFO	Listening on 127.0.0.1:38205
1653551270780	mozrunner::runner	INFO	Running command: "/usr/bin/firefox" "--marionette" "--remote-debugging-port" "41563" "--remote-allow-hosts" "localhost" "-no-remote" "-profile" "/tmp/rust_mozprofile5hka0t"
ATTENTION: default value of option mesa_glthread overridden by environment.
ATTENTION: default value of option mesa_glthread overridden by environment.
ATTENTION: default value of option mesa_glthread overridden by environment.
ATTENTION: default value of option mesa_glthread overridden by environment.
1653551271914	Marionette	INFO	Marionette enabled
console.warn: SearchSettings: "get: No settings file exists, new profile?" (new NotFoundError("Could not open the file at /tmp/rust_mozprofile5hka0t/search.json.mozlz4", (void 0)))
DevTools listening on ws://localhost:41563/devtools/browser/4589e89e-e6ab-4211-aa27-2ba912415115
1653551273677	Marionette	INFO	Listening on port 45845
Read port: 45845
1653551273703	RemoteAgent	WARN	TLS certificate errors will be ignored for this session
JavaScript error: https://inventwithpython.com/js/bootstrap.min.js, line 7: Error: Bootstrap tooltips require Tether (http://tether.io/)
1653551278906	Marionette	INFO	Stopped listening on port 45845
console.warn: TopSitesFeed: Failed to fetch data from Contile server: NetworkError when attempting to fetch resource.

###!!! [Parent][PImageBridgeParent] Error: RunMessage(msgname=PImageBridge::Msg_WillClose) Channel closing: too late to send/recv, messages will be lost

1653551462895	geckodriver	INFO	Listening on 127.0.0.1:39059
1653551462906	mozrunner::runner	INFO	Running command: "/usr/bin/firefox" "--marionette" "--remote-debugging-port" "56123" "--remote-allow-hosts" "localhost" "-no-remote" "-profile" "/tmp/rust_mozprofileZy5i5X"
ATTENTION: default value of option mesa_glthread overridden by environment.
ATTENTION: default value of option mesa_glthread overridden by environment.
ATTENTION: default value of option mesa_glthread overridden by environment.
ATTENTION: default value of option mesa_glthread overridden by environment.
1653551463960	Marionette	INFO	Marionette enabled
console.warn: SearchSettings: "get: No settings file exists, new profile?" (new NotFoundError("Could not open the file at /tmp/rust_mozprofileZy5i5X/search.json.mozlz4", (void 0)))
DevTools listening on ws://localhost:56123/devtools/browser/95b00c42-f0c2-4a1c-bc3b-66dc80ffd4db
1653551465619	Marionette	INFO	Listening on port 46309
Read port: 46309
1653551465728	RemoteAgent	WARN	TLS certificate errors will be ignored for this session
JavaScript error: https://inventwithpython.com/js/bootstrap.min.js, line 7: Error: Bootstrap tooltips require Tether (http://tether.io/)
